2024-08-21T12:55:54.208Z info: Connected to the MySQL database mysql2
2024-08-21T12:56:29.898Z info: Connected to the MySQL database mysql2
2024-08-21T12:57:28.944Z info: Connected to the MySQL database mysql2
2024-08-21T12:59:28.509Z info: Connected to the MySQL database mysql2
2024-08-21T12:59:51.521Z info: Connected to the MySQL database mysql2
2024-08-21T12:59:59.935Z info: Connected to the MySQL database mysql2
2024-08-21T13:01:12.135Z info: Connected to the MySQL database mysql2
2024-08-21T13:01:16.922Z info: Connected to the MySQL database mysql2
2024-08-21T13:01:29.101Z info: Connected to the MySQL database mysql2
2024-08-21T13:03:32.428Z info: Connected to the MySQL database mysql2
2024-08-21T13:05:23.586Z info: Connected to the MySQL database mysql2
2024-08-21T13:05:55.831Z info: Connected to the MySQL database mysql2
2024-08-21T13:05:59.677Z info: Connected to the MySQL database mysql2
2024-08-21T13:06:05.361Z info: Connected to the MySQL database mysql2
2024-08-21T13:06:06.449Z info: Connected to the MySQL database mysql2
2024-08-21T13:06:11.713Z info: Connected to the MySQL database mysql2
2024-08-21T13:06:13.880Z info: Connected to the MySQL database mysql2
2024-08-21T13:06:15.828Z info: Connected to the MySQL database mysql2
2024-08-21T13:06:18.127Z info: Connected to the MySQL database mysql2
2024-08-21T13:06:33.834Z info: Connected to the MySQL database mysql2
2024-08-21T13:06:39.160Z info: Connected to the MySQL database mysql2
2024-08-21T13:06:42.210Z info: Connected to the MySQL database mysql2
2024-08-21T13:06:46.741Z info: Connected to the MySQL database mysql2
2024-08-21T13:07:33.678Z info: Connected to the MySQL database mysql2
2024-08-21T13:07:56.728Z info: Connected to the MySQL database mysql2
2024-08-21T13:08:09.588Z info: Connected to the MySQL database mysql2
2024-08-21T13:08:17.987Z info: Connected to the MySQL database mysql2
2024-08-21T13:11:01.978Z info: Connected to the MySQL database mysql2
2024-08-21T13:11:15.622Z info: Connected to the MySQL database mysql2
2024-08-21T13:11:22.406Z info: Connected to the MySQL database mysql2
2024-08-21T13:11:25.617Z info: Connected to the MySQL database mysql2
2024-08-21T16:35:45.053Z info: Connected to the MySQL database mysql2
2024-08-21T16:36:32.603Z info: Connected to the MySQL database mysql2
2024-08-21T16:36:39.095Z info: Connected to the MySQL database mysql2
2024-08-21T16:36:41.873Z info: Connected to the MySQL database mysql2
2024-08-21T16:37:18.648Z info: Connected to the MySQL database mysql2
2024-08-21T16:37:26.297Z info: Connected to the MySQL database mysql2
2024-08-21T16:37:29.097Z info: Connected to the MySQL database mysql2
2024-08-21T16:37:32.432Z info: Connected to the MySQL database mysql2
2024-08-21T16:37:38.472Z info: Connected to the MySQL database mysql2
2024-08-21T16:37:45.883Z info: Connected to the MySQL database mysql2
2024-08-21T16:37:47.146Z info: Connected to the MySQL database mysql2
2024-08-21T16:37:49.490Z info: Connected to the MySQL database mysql2
2024-08-21T16:37:51.613Z info: Connected to the MySQL database mysql2
2024-08-21T16:37:52.743Z info: Connected to the MySQL database mysql2
2024-08-21T16:37:56.041Z info: Connected to the MySQL database mysql2
2024-08-21T16:38:01.103Z info: Connected to the MySQL database mysql2
2024-08-21T16:38:04.158Z info: Connected to the MySQL database mysql2
2024-08-21T16:38:11.956Z info: Connected to the MySQL database mysql2
2024-08-21T16:38:14.043Z info: Connected to the MySQL database mysql2
2024-08-21T16:38:16.697Z info: Connected to the MySQL database mysql2
2024-08-21T16:38:18.308Z info: Connected to the MySQL database mysql2
2024-08-21T16:38:20.099Z info: Connected to the MySQL database mysql2
2024-08-21T16:38:21.945Z info: Connected to the MySQL database mysql2
2024-08-21T16:38:24.420Z info: Connected to the MySQL database mysql2
2024-08-21T16:38:34.057Z info: Connected to the MySQL database mysql2
2024-08-21T16:38:35.526Z info: Connected to the MySQL database mysql2
2024-08-21T16:38:39.622Z info: Connected to the MySQL database mysql2
2024-08-21T16:38:41.164Z info: Connected to the MySQL database mysql2
2024-08-21T16:38:46.927Z info: Connected to the MySQL database mysql2
2024-08-21T16:38:48.744Z info: Connected to the MySQL database mysql2
2024-08-21T16:38:52.459Z info: Connected to the MySQL database mysql2
2024-08-21T16:38:55.920Z info: Connected to the MySQL database mysql2
2024-08-21T16:38:58.508Z info: Connected to the MySQL database mysql2
2024-08-21T16:38:59.775Z info: Connected to the MySQL database mysql2
2024-08-21T16:39:01.118Z info: Connected to the MySQL database mysql2
2024-08-21T16:39:06.730Z info: Connected to the MySQL database mysql2
2024-08-21T16:39:09.341Z info: Connected to the MySQL database mysql2
2024-08-21T16:40:07.554Z info: Connected to the MySQL database mysql2
2024-08-21T16:40:11.952Z info: Connected to the MySQL database mysql2
2024-08-21T16:40:22.387Z info: Connected to the MySQL database mysql2
2024-08-21T16:40:24.783Z info: Connected to the MySQL database mysql2
2024-08-21T16:40:28.138Z info: Connected to the MySQL database mysql2
2024-08-21T16:40:30.739Z info: Connected to the MySQL database mysql2
2024-08-21T16:40:32.255Z info: Connected to the MySQL database mysql2
2024-08-21T16:41:23.181Z info: Connected to the MySQL database mysql2
2024-08-21T16:42:27.035Z info: Connected to the MySQL database mysql2
2024-08-21T16:42:28.098Z info: Connected to the MySQL database mysql2
2024-08-21T16:42:47.400Z info: Connected to the MySQL database mysql2
2024-08-21T16:42:49.385Z info: Connected to the MySQL database mysql2
2024-08-21T16:42:51.971Z info: Connected to the MySQL database mysql2
2024-08-21T16:42:56.335Z info: Connected to the MySQL database mysql2
2024-08-21T17:03:31.124Z info: Connected to the MySQL database mysql2
2024-08-21T17:07:46.046Z info: Connected to the MySQL database mysql2
2024-08-21T17:07:55.097Z info: Connected to the MySQL database mysql2
2024-08-21T17:08:00.207Z info: Connected to the MySQL database mysql2
2024-08-21T17:08:07.102Z info: Connected to the MySQL database mysql2
2024-08-21T17:08:10.037Z info: Connected to the MySQL database mysql2
2024-08-21T17:08:32.206Z info: Connected to the MySQL database mysql2
2024-08-21T17:10:24.222Z info: Connected to the MySQL database mysql2
2024-08-21T17:12:10.629Z info: Connected to the MySQL database mysql2
2024-08-21T17:12:34.110Z info: Connected to the MySQL database mysql2
2024-08-21T17:12:36.701Z info: Connected to the MySQL database mysql2
2024-08-21T17:12:42.672Z info: Connected to the MySQL database mysql2
2024-08-21T17:12:47.183Z info: Connected to the MySQL database mysql2
2024-08-21T17:13:03.697Z info: Connected to the MySQL database mysql2
2024-08-21T17:13:08.903Z info: Connected to the MySQL database mysql2
2024-08-21T17:13:11.319Z info: Connected to the MySQL database mysql2
2024-08-21T17:13:53.691Z info: Connected to the MySQL database mysql2
2024-08-21T17:13:58.369Z info: Connected to the MySQL database mysql2
2024-08-21T17:14:00.243Z info: Connected to the MySQL database mysql2
2024-08-21T17:14:11.187Z info: Connected to the MySQL database mysql2
2024-08-21T17:15:06.089Z info: Connected to the MySQL database mysql2
2024-08-21T17:17:38.171Z info: Connected to the MySQL database mysql2
2024-08-21T17:17:59.939Z info: Connected to the MySQL database mysql2
2024-08-21T17:18:15.770Z info: Connected to the MySQL database mysql2
2024-08-21T17:18:53.940Z info: Connected to the MySQL database mysql2
2024-08-21T17:18:56.878Z info: Connected to the MySQL database mysql2
2024-08-21T17:18:58.102Z info: Connected to the MySQL database mysql2
2024-08-21T17:18:59.663Z info: Connected to the MySQL database mysql2
2024-08-21T17:19:17.652Z info: Connected to the MySQL database mysql2
2024-08-21T17:19:19.024Z info: Connected to the MySQL database mysql2
2024-08-21T17:19:21.037Z info: Connected to the MySQL database mysql2
2024-08-21T17:19:24.303Z info: Connected to the MySQL database mysql2
2024-08-21T17:19:29.787Z info: Connected to the MySQL database mysql2
2024-08-21T17:20:07.070Z info: Connected to the MySQL database mysql2
2024-08-21T17:20:17.720Z info: Connected to the MySQL database mysql2
2024-08-21T17:20:20.951Z info: Connected to the MySQL database mysql2
2024-08-21T17:20:23.163Z info: Connected to the MySQL database mysql2
2024-08-21T17:20:25.167Z info: Connected to the MySQL database mysql2
2024-08-21T17:20:27.028Z info: Connected to the MySQL database mysql2
2024-08-21T17:20:30.124Z info: Connected to the MySQL database mysql2
2024-08-21T17:20:33.086Z info: Connected to the MySQL database mysql2
2024-08-21T17:20:36.417Z info: Connected to the MySQL database mysql2
2024-08-21T17:20:39.275Z info: Connected to the MySQL database mysql2
2024-08-21T17:20:42.089Z info: Connected to the MySQL database mysql2
2024-08-21T17:20:45.068Z info: Connected to the MySQL database mysql2
2024-08-21T17:20:47.676Z info: Connected to the MySQL database mysql2
2024-08-21T17:22:17.466Z info: Connected to the MySQL database mysql2
2024-08-21T17:22:20.285Z info: Connected to the MySQL database mysql2
2024-08-21T17:22:22.962Z info: Connected to the MySQL database mysql2
2024-08-21T17:22:25.369Z info: Connected to the MySQL database mysql2
2024-08-21T17:22:29.834Z info: Connected to the MySQL database mysql2
2024-08-21T17:22:43.609Z info: Connected to the MySQL database mysql2
2024-08-21T17:22:51.497Z info: Connected to the MySQL database mysql2
2024-08-21T17:22:54.632Z info: Connected to the MySQL database mysql2
2024-08-21T17:23:03.800Z info: Connected to the MySQL database mysql2
2024-08-21T17:25:35.434Z info: Connected to the MySQL database mysql2
2024-08-21T17:26:47.570Z info: Connected to the MySQL database mysql2
2024-08-21T17:32:33.128Z info: Connected to the MySQL database mysql2
2024-08-21T17:34:19.726Z info: Connected to the MySQL database mysql2
2024-08-21T17:35:38.438Z info: Connected to the MySQL database mysql2
2024-08-21T17:38:10.022Z info: Connected to the MySQL database mysql2
2024-08-21T17:38:31.248Z info: Connected to the MySQL database mysql2
2024-08-21T17:41:42.839Z info: Connected to the MySQL database mysql2
2024-08-21T17:41:46.347Z info: Connected to the MySQL database mysql2
2024-08-21T17:41:56.369Z info: Connected to the MySQL database mysql2
2024-08-21T17:42:00.013Z info: Connected to the MySQL database mysql2
2024-08-21T17:42:04.857Z info: Connected to the MySQL database mysql2
2024-08-21T17:42:10.007Z info: Connected to the MySQL database mysql2
2024-08-21T17:42:12.340Z info: Connected to the MySQL database mysql2
2024-08-21T17:42:15.258Z info: Connected to the MySQL database mysql2
2024-08-21T17:42:22.088Z info: Connected to the MySQL database mysql2
2024-08-21T17:45:13.464Z info: Connected to the MySQL database mysql2
2024-08-21T17:45:33.491Z info: Connected to the MySQL database mysql2
2024-08-21T17:45:49.073Z info: Connected to the MySQL database mysql2
2024-08-21T17:45:52.126Z info: Connected to the MySQL database mysql2
2024-08-21T17:45:58.364Z info: Connected to the MySQL database mysql2
2024-08-21T17:46:01.056Z info: Connected to the MySQL database mysql2
2024-08-21T17:46:03.529Z info: Connected to the MySQL database mysql2
2024-08-21T17:46:07.999Z info: Connected to the MySQL database mysql2
2024-08-21T17:46:15.531Z info: Connected to the MySQL database mysql2
2024-08-21T17:46:20.727Z info: Connected to the MySQL database mysql2
2024-08-21T17:46:23.481Z info: Connected to the MySQL database mysql2
2024-08-21T17:47:01.174Z info: Connected to the MySQL database mysql2
2024-08-21T17:47:04.803Z info: Connected to the MySQL database mysql2
2024-08-21T17:47:09.261Z info: Connected to the MySQL database mysql2
2024-08-21T17:47:50.211Z info: Connected to the MySQL database mysql2
2024-08-21T17:48:27.764Z info: Connected to the MySQL database mysql2
2024-08-21T17:48:27.802Z info: Vendor table already exists
2024-08-21T17:48:38.985Z info: Connected to the MySQL database mysql2
2024-08-21T17:48:51.142Z info: Checked vendor code existence:
2024-08-21T17:48:51.142Z info: Generated unique vendor code:
2024-08-21T17:48:51.143Z info: Create Vendor - Generated Vendor Code
2024-08-21T17:48:51.154Z info: Vendor created:
2024-08-21T17:48:51.155Z info: Create Vendor - Vendor Created
2024-08-21T17:48:53.696Z info: Checked vendor code existence:
2024-08-21T17:48:53.696Z info: Generated unique vendor code:
2024-08-21T17:48:53.697Z info: Create Vendor - Generated Vendor Code
2024-08-21T17:48:53.704Z info: Vendor created:
2024-08-21T17:48:53.705Z info: Create Vendor - Vendor Created
2024-08-21T17:48:54.721Z info: Checked vendor code existence:
2024-08-21T17:48:54.721Z info: Generated unique vendor code:
2024-08-21T17:48:54.722Z info: Create Vendor - Generated Vendor Code
2024-08-21T17:48:54.724Z info: Vendor created:
2024-08-21T17:48:54.724Z info: Create Vendor - Vendor Created
2024-08-21T17:48:55.572Z info: Checked vendor code existence:
2024-08-21T17:48:55.572Z info: Generated unique vendor code:
2024-08-21T17:48:55.572Z info: Create Vendor - Generated Vendor Code
2024-08-21T17:48:55.579Z info: Vendor created:
2024-08-21T17:48:55.579Z info: Create Vendor - Vendor Created
2024-08-21T17:49:00.201Z info: Retrieved all vendors
2024-08-21T17:49:00.201Z info: List Vendors - Retrieved all vendors
2024-08-21T17:49:07.705Z warn: Vendor not found by ID:
2024-08-21T17:49:07.705Z warn: Get Vendor by ID - Vendor not found
2024-08-21T17:49:10.690Z info: Retrieved vendor by ID:
2024-08-21T17:49:10.690Z info: Get Vendor by ID - Vendor found
2024-08-21T17:49:34.522Z info: Vendor deleted:
2024-08-21T17:49:34.522Z info: Delete Vendor - Vendor deleted successfully
2024-08-21T17:49:44.094Z info: Vendor updated:
2024-08-21T17:49:44.095Z info: Update Vendor - Vendor updated successfully
2024-08-21T18:00:10.802Z info: Connected to the MySQL database mysql2
2024-08-21T18:01:36.049Z info: Connected to the MySQL database mysql2
2024-08-21T18:01:38.894Z info: Connected to the MySQL database mysql2
2024-08-21T18:01:55.171Z info: Connected to the MySQL database mysql2
2024-08-21T18:01:56.535Z info: Connected to the MySQL database mysql2
2024-08-21T18:02:09.136Z info: Connected to the MySQL database mysql2
2024-08-21T18:02:17.827Z info: Connected to the MySQL database mysql2
2024-08-21T18:02:19.181Z info: Connected to the MySQL database mysql2
2024-08-21T18:02:28.652Z info: Connected to the MySQL database mysql2
2024-08-21T18:02:40.094Z info: Connected to the MySQL database mysql2
2024-08-21T18:02:55.173Z info: Connected to the MySQL database mysql2
2024-08-21T18:03:05.223Z info: Connected to the MySQL database mysql2
2024-08-21T18:03:15.533Z info: Connected to the MySQL database mysql2
2024-08-21T18:03:20.909Z info: Connected to the MySQL database mysql2
2024-08-21T18:03:23.827Z info: Connected to the MySQL database mysql2
2024-08-21T18:03:27.087Z info: Connected to the MySQL database mysql2
2024-08-21T18:03:30.325Z info: Connected to the MySQL database mysql2
2024-08-21T18:03:32.527Z info: Connected to the MySQL database mysql2
2024-08-21T18:03:35.701Z info: Connected to the MySQL database mysql2
2024-08-21T18:03:40.195Z info: Connected to the MySQL database mysql2
2024-08-21T18:03:43.104Z info: Connected to the MySQL database mysql2
2024-08-21T18:03:46.267Z info: Connected to the MySQL database mysql2
2024-08-21T18:03:51.412Z info: Connected to the MySQL database mysql2
2024-08-21T18:03:52.729Z info: Connected to the MySQL database mysql2
2024-08-21T18:03:57.129Z info: Connected to the MySQL database mysql2
2024-08-21T18:04:09.380Z info: Connected to the MySQL database mysql2
2024-08-21T18:06:45.823Z info: Connected to the MySQL database mysql2
2024-08-21T18:07:38.597Z info: Retrieved all vendors
2024-08-21T18:07:38.598Z info: List Vendors - Retrieved all vendors
2024-08-21T18:08:13.773Z info: Connected to the MySQL database mysql2
2024-08-21T18:08:15.888Z info: Connected to the MySQL database mysql2
2024-08-21T18:08:44.440Z error: Error creating purchase order: PurchaseOrderModel.generateUniquePONumber is not a function
2024-08-21T18:10:34.511Z info: Connected to the MySQL database mysql2
2024-08-21T18:10:39.963Z info: Connected to the MySQL database mysql2
2024-08-21T18:10:40.912Z error: Error creating purchase order: PurchaseOrderModel.generateUniquePONumber is not a function
2024-08-21T18:12:35.195Z info: Connected to the MySQL database mysql2
2024-08-21T18:12:45.589Z warn: Vendor not found by ID:
2024-08-21T18:12:57.568Z info: Retrieved vendor by ID:
2024-08-21T18:12:57.589Z error: Error creating purchase order: logger is not defined
2024-08-21T18:13:17.462Z info: Retrieved all vendors
2024-08-21T18:13:17.463Z info: List Vendors - Retrieved all vendors
2024-08-21T18:13:23.574Z info: Retrieved vendor by ID:
2024-08-21T18:13:23.596Z error: Error creating purchase order: logger is not defined
2024-08-21T18:15:44.785Z info: Connected to the MySQL database mysql2
2024-08-21T18:15:48.220Z info: Retrieved vendor by ID:
2024-08-21T18:15:48.240Z error: Error creating purchase order:
2024-08-21T18:21:09.240Z error: Error listing purchase orders: You have an error in your SQL syntax; check the manual that corresponds to your MySQL server version for the right syntax to use near '' at line 1
2024-08-21T18:21:33.750Z info: Connected to the MySQL database mysql2
2024-08-21T18:21:34.894Z info: Connected to the MySQL database mysql2
2024-08-21T18:22:47.137Z info: Connected to the MySQL database mysql2
2024-08-21T18:22:50.165Z info: Connected to the MySQL database mysql2
2024-08-21T18:22:58.890Z info: Connected to the MySQL database mysql2
2024-08-21T18:23:02.433Z info: Connected to the MySQL database mysql2
2024-08-21T18:23:06.941Z info: Connected to the MySQL database mysql2
2024-08-21T18:23:13.279Z error: Error listing purchase orders: logger is not defined
2024-08-21T18:23:21.475Z info: Connected to the MySQL database mysql2
2024-08-21T18:23:22.031Z error: Error listing purchase orders: logger is not defined
2024-08-21T18:27:00.793Z error: Error listing purchase orders: logger is not defined
2024-08-21T18:28:23.792Z info: Connected to the MySQL database mysql2
2024-08-21T18:28:36.104Z info: Connected to the MySQL database mysql2
2024-08-21T18:28:49.182Z error: Error listing purchase orders:
2024-08-21T18:29:42.893Z info: Connected to the MySQL database mysql2
2024-08-21T18:29:44.547Z info: Connected to the MySQL database mysql2
2024-08-21T18:29:46.365Z error: Error listing purchase orders:
